        -:    0:Source:Auction_main.c
        -:    0:Graph:Auction_main.gcno
        -:    0:Data:-
        -:    0:Runs:0
        -:    1:#include <stdio.h>          
        -:    2:#include <string.h>
        -:    3:#include <stdbool.h>
        -:    4:#include <pthread.h>
        -:    5:#include <stddef.h>
        -:    6:#include <stdlib.h>
        -:    7:#include <ctype.h>
        -:    8:#include <unistd.h>
        -:    9:#include "auctionheader.h" //user defined reader file which contains the function declaration and structures unsigned
        -:   10:#include "AuctionHouse_Item_Func.c"
        -:   11:#include "AuctionHouse_Bidder_Func.c"
        -:   12:#include "Auction_day_func.c"
        -:   13:#include "file_func.c"
function main called 0 returned 0% blocks executed 0%
    #####:   14:int main()
        -:   15:{
    #####:   16:	a_start=NULL;
    #####:   17:	start1=NULL;
    #####:   18:	start=NULL;
    #####:   19:	bidder_file_to_list();
call    0 never executed
    #####:   20:	item_file_to_list();
call    0 never executed
    #####:   21:	auction_file_to_list();
call    0 never executed
        -:   22:
    #####:   23:	int res_Status=0;
        -:   24:	pthread_t thread1;
        -:   25:
    #####:   26:	system("clear");
call    0 never executed
    #####:   27:	printf("\n                 WELCOME TO THE ONLINE AUCTION HOUSE              \n ");
call    0 never executed
    #####:   28:	bool exit =false;
    #####:   29:	while (!exit)
branch  0 never executed
branch  1 never executed
        -:   30:	{
        -:   31:	
        -:   32:		int menu_choice;
    #####:   33:		printf("\n\t1.Bidder Data\n\t2. Item Maintenance\n\t3. Display items to be auctioned for the week\n\t4. Auction Day\n\t5. Display Bidding Report\n\t6. Exit\n");
call    0 never executed
    #####:   34:		printf("\n\tEnter choice - ");
call    0 never executed
    #####:   35:		scanf("%d", &menu_choice);
call    0 never executed
    #####:   36:		switch(menu_choice)
branch  0 never executed
branch  1 never executed
branch  2 never executed
branch  3 never executed
branch  4 never executed
branch  5 never executed
branch  6 never executed
        -:   37:		{
    #####:   38:			case 1:
        -:   39:				{
    #####:   40:					res_Status=check_Password();
call    0 never executed
    #####:   41:					if(res_Status==1)
branch  0 never executed
branch  1 never executed
        -:   42:					{
    #####:   43:						printf("\nInvalid password\n");
call    0 never executed
    #####:   44:						return(EXIT_FAILURE);
        -:   45:					}
        -:   46:					else
        -:   47:					{
    #####:   48:						int bidder_choice=0;
    #####:   49:						while(bidder_choice!=5)
branch  0 never executed
branch  1 never executed
        -:   50:						{
        -:   51:							//system("clear");
    #####:   52:							printf("\n\t1.Add bidder\n\t2.Edit Bidder\n\t3.Delete Bidder\n\t4.View Bidder List\n\t5.Return to main menu\n");
call    0 never executed
    #####:   53:							printf("Enter choice - ");
call    0 never executed
    #####:   54:							scanf("%d",&bidder_choice);
call    0 never executed
    #####:   55:							switch(bidder_choice) 
branch  0 never executed
branch  1 never executed
branch  2 never executed
branch  3 never executed
branch  4 never executed
branch  5 never executed
        -:   56:							{
    #####:   57:								case 1: add_bidder();
call    0 never executed
    #####:   58:									break;
    #####:   59:								case 2: edit_bidder();
call    0 never executed
    #####:   60:									break;
    #####:   61:								case 3: del_bidder();
call    0 never executed
    #####:   62:									break;
    #####:   63:								case 4: view_bidder(); 
call    0 never executed
    #####:   64:								       	break;
    #####:   65:								case 5: break;
    #####:   66:								default:printf("Invalid option\n");
call    0 never executed
        -:   67:							}
        -:   68:						}
    #####:   69:						continue;
        -:   70:					}
        -:   71:				              
        -:   72:		}
        -:   73:
    #####:   74:			case 2:
        -:   75:				{
        -:   76:
        -:   77:
    #####:   78:					res_Status=check_Password();
call    0 never executed
    #####:   79:					if(res_Status==1)
branch  0 never executed
branch  1 never executed
        -:   80:				        {
    #####:   81:						printf("\nInvalid password\n");
call    0 never executed
    #####:   82:						return(EXIT_FAILURE);
        -:   83:					}
        -:   84:					else
        -:   85:				        {
    #####:   86:					int item_choice=0;
    #####:   87:					while(item_choice!=5)
branch  0 never executed
branch  1 never executed
        -:   88:					{
        -:   89:				//		system("clear");
    #####:   90:						printf("\n\t1.Add Item\n\t2.Edit Item\n\t3.Delete Item\n\t4.View Item\n\t5 Return to main menu\n");
call    0 never executed
    #####:   91:						printf("Enter choice - ");
call    0 never executed
    #####:   92:						scanf("%d",&item_choice);
call    0 never executed
    #####:   93:						switch(item_choice)
branch  0 never executed
branch  1 never executed
branch  2 never executed
branch  3 never executed
branch  4 never executed
branch  5 never executed
        -:   94:						{
    #####:   95:							case 1: add_item();
call    0 never executed
    #####:   96:								break;
    #####:   97:							case 2: edit_item();
call    0 never executed
    #####:   98:								break;
    #####:   99:							case 3: del_item();
call    0 never executed
    #####:  100:								break;
    #####:  101:							case 4: view_item();
call    0 never executed
    #####:  102:								break;
    #####:  103:							case 5: break;
    #####:  104:							default:printf("Invalid option\n");
call    0 never executed
        -:  105:						}
        -:  106:					}
        -:  107:					}
    #####:  108:					continue;
        -:  109:				}
        -:  110:
    #####:  111:			case 3:display_item();
call    0 never executed
    #####:  112:			       break;
    #####:  113:			case 4:display_item();
call    0 never executed
    #####:  114:			       pthread_create(&thread1,NULL,auction,NULL);
call    0 never executed
    #####:  115:			       pthread_join(thread1,NULL);
call    0 never executed
    #####:  116:			       printf("Thread run successfully..\n");
call    0 never executed
    #####:  117:			       break;
    #####:  118:			case 5:display_bidding_report();
call    0 never executed
    #####:  119:			       break;
    #####:  120:			case 6:exit=true;
    #####:  121:			       break;
    #####:  122:			default:printf("Invalid option\n");
call    0 never executed
        -:  123:		}
        -:  124:
    #####:  125:system("clear");
call    0 never executed
        -:  126:}
    #####:  127:	if(start1)
branch  0 never executed
branch  1 never executed
    #####:  128:		bidder_list_to_file();
call    0 never executed
    #####:  129:	if(start)
branch  0 never executed
branch  1 never executed
    #####:  130:		item_list_to_file();
call    0 never executed
    #####:  131:	if(a_start)
branch  0 never executed
branch  1 never executed
    #####:  132:		auction_list_to_file();
call    0 never executed
        -:  133:}
